{"D:\\Project\\Tsuna\\tsuna-app-frontend\\firebaseConfig.js": {"path":"D:\\Project\\Tsuna\\tsuna-app-frontend\\firebaseConfig.js","statementMap":{"0":{"start":{"line":6,"column":23},"end":{"line":14,"column":1}},"1":{"start":{"line":17,"column":12},"end":{"line":17,"column":41}},"2":{"start":{"line":18,"column":18},"end":{"line":18,"column":35}},"3":{"start":{"line":19,"column":20},"end":{"line":19,"column":32}}},"fnMap":{},"branchMap":{},"s":{"0":0,"1":0,"2":0,"3":0},"f":{},"b":{}}
,"D:\\Project\\Tsuna\\tsuna-app-frontend\\jest.cofig.js": {"path":"D:\\Project\\Tsuna\\tsuna-app-frontend\\jest.cofig.js","statementMap":{},"fnMap":{},"branchMap":{},"s":{},"f":{},"b":{}}
,"D:\\Project\\Tsuna\\tsuna-app-frontend\\metro.config.js": {"path":"D:\\Project\\Tsuna\\tsuna-app-frontend\\metro.config.js","statementMap":{"0":{"start":{"line":2,"column":29},"end":{"line":2,"column":57}},"1":{"start":{"line":5,"column":22},"end":{"line":5,"column":49}},"2":{"start":{"line":6,"column":0},"end":{"line":6,"column":44}},"3":{"start":{"line":8,"column":0},"end":{"line":8,"column":31}}},"fnMap":{},"branchMap":{},"s":{"0":0,"1":0,"2":0,"3":0},"f":{},"b":{}}
,"D:\\Project\\Tsuna\\tsuna-app-frontend\\.expo\\metro\\polyfill.js": {"path":"D:\\Project\\Tsuna\\tsuna-app-frontend\\.expo\\metro\\polyfill.js","statementMap":{"0":{"start":{"line":1,"column":0},"end":{"line":1,"column":81}},"1":{"start":{"line":1,"column":76},"end":{"line":1,"column":80}}},"fnMap":{"0":{"name":"(anonymous_0)","decl":{"start":{"line":1,"column":70},"end":{"line":1,"column":71}},"loc":{"start":{"line":1,"column":76},"end":{"line":1,"column":80}},"line":1}},"branchMap":{"0":{"loc":{"start":{"line":1,"column":28},"end":{"line":1,"column":80}},"type":"cond-expr","locations":[{"start":{"line":1,"column":60},"end":{"line":1,"column":67}},{"start":{"line":1,"column":70},"end":{"line":1,"column":80}}],"line":1}},"s":{"0":0,"1":0},"f":{"0":0},"b":{"0":[0,0]}}
,"D:\\Project\\Tsuna\\tsuna-app-frontend\\.expo\\metro\\polyfill.native.js": {"path":"D:\\Project\\Tsuna\\tsuna-app-frontend\\.expo\\metro\\polyfill.native.js","statementMap":{"0":{"start":{"line":1,"column":0},"end":{"line":1,"column":155}},"1":{"start":{"line":1,"column":43},"end":{"line":1,"column":154}}},"fnMap":{"0":{"name":"(anonymous_0)","decl":{"start":{"line":1,"column":28},"end":{"line":1,"column":29}},"loc":{"start":{"line":1,"column":42},"end":{"line":1,"column":155}},"line":1}},"branchMap":{},"s":{"0":0,"1":0},"f":{"0":0},"b":{}}
,"D:\\Project\\Tsuna\\tsuna-app-frontend\\.expo\\metro\\externals\\assert\\index.js": {"path":"D:\\Project\\Tsuna\\tsuna-app-frontend\\.expo\\metro\\externals\\assert\\index.js","statementMap":{"0":{"start":{"line":1,"column":0},"end":{"line":1,"column":51}}},"fnMap":{},"branchMap":{},"s":{"0":0},"f":{},"b":{}}
,"D:\\Project\\Tsuna\\tsuna-app-frontend\\.expo\\metro\\externals\\async_hooks\\index.js": {"path":"D:\\Project\\Tsuna\\tsuna-app-frontend\\.expo\\metro\\externals\\async_hooks\\index.js","statementMap":{"0":{"start":{"line":1,"column":0},"end":{"line":1,"column":56}}},"fnMap":{},"branchMap":{},"s":{"0":0},"f":{},"b":{}}
,"D:\\Project\\Tsuna\\tsuna-app-frontend\\.expo\\metro\\externals\\buffer\\index.js": {"path":"D:\\Project\\Tsuna\\tsuna-app-frontend\\.expo\\metro\\externals\\buffer\\index.js","statementMap":{"0":{"start":{"line":1,"column":0},"end":{"line":1,"column":51}}},"fnMap":{},"branchMap":{},"s":{"0":0},"f":{},"b":{}}
,"D:\\Project\\Tsuna\\tsuna-app-frontend\\.expo\\metro\\externals\\child_process\\index.js": {"path":"D:\\Project\\Tsuna\\tsuna-app-frontend\\.expo\\metro\\externals\\child_process\\index.js","statementMap":{"0":{"start":{"line":1,"column":0},"end":{"line":1,"column":58}}},"fnMap":{},"branchMap":{},"s":{"0":0},"f":{},"b":{}}
,"D:\\Project\\Tsuna\\tsuna-app-frontend\\.expo\\metro\\externals\\cluster\\index.js": {"path":"D:\\Project\\Tsuna\\tsuna-app-frontend\\.expo\\metro\\externals\\cluster\\index.js","statementMap":{"0":{"start":{"line":1,"column":0},"end":{"line":1,"column":52}}},"fnMap":{},"branchMap":{},"s":{"0":0},"f":{},"b":{}}
,"D:\\Project\\Tsuna\\tsuna-app-frontend\\.expo\\metro\\externals\\console\\index.js": {"path":"D:\\Project\\Tsuna\\tsuna-app-frontend\\.expo\\metro\\externals\\console\\index.js","statementMap":{"0":{"start":{"line":1,"column":0},"end":{"line":1,"column":52}}},"fnMap":{},"branchMap":{},"s":{"0":0},"f":{},"b":{}}
,"D:\\Project\\Tsuna\\tsuna-app-frontend\\.expo\\metro\\externals\\constants\\index.js": {"path":"D:\\Project\\Tsuna\\tsuna-app-frontend\\.expo\\metro\\externals\\constants\\index.js","statementMap":{"0":{"start":{"line":1,"column":0},"end":{"line":1,"column":54}}},"fnMap":{},"branchMap":{},"s":{"0":0},"f":{},"b":{}}
,"D:\\Project\\Tsuna\\tsuna-app-frontend\\.expo\\metro\\externals\\crypto\\index.js": {"path":"D:\\Project\\Tsuna\\tsuna-app-frontend\\.expo\\metro\\externals\\crypto\\index.js","statementMap":{"0":{"start":{"line":1,"column":0},"end":{"line":1,"column":51}}},"fnMap":{},"branchMap":{},"s":{"0":0},"f":{},"b":{}}
,"D:\\Project\\Tsuna\\tsuna-app-frontend\\.expo\\metro\\externals\\dgram\\index.js": {"path":"D:\\Project\\Tsuna\\tsuna-app-frontend\\.expo\\metro\\externals\\dgram\\index.js","statementMap":{"0":{"start":{"line":1,"column":0},"end":{"line":1,"column":50}}},"fnMap":{},"branchMap":{},"s":{"0":0},"f":{},"b":{}}
,"D:\\Project\\Tsuna\\tsuna-app-frontend\\.expo\\metro\\externals\\diagnostics_channel\\index.js": {"path":"D:\\Project\\Tsuna\\tsuna-app-frontend\\.expo\\metro\\externals\\diagnostics_channel\\index.js","statementMap":{"0":{"start":{"line":1,"column":0},"end":{"line":1,"column":64}}},"fnMap":{},"branchMap":{},"s":{"0":0},"f":{},"b":{}}
,"D:\\Project\\Tsuna\\tsuna-app-frontend\\.expo\\metro\\externals\\dns\\index.js": {"path":"D:\\Project\\Tsuna\\tsuna-app-frontend\\.expo\\metro\\externals\\dns\\index.js","statementMap":{"0":{"start":{"line":1,"column":0},"end":{"line":1,"column":48}}},"fnMap":{},"branchMap":{},"s":{"0":0},"f":{},"b":{}}
,"D:\\Project\\Tsuna\\tsuna-app-frontend\\.expo\\metro\\externals\\domain\\index.js": {"path":"D:\\Project\\Tsuna\\tsuna-app-frontend\\.expo\\metro\\externals\\domain\\index.js","statementMap":{"0":{"start":{"line":1,"column":0},"end":{"line":1,"column":51}}},"fnMap":{},"branchMap":{},"s":{"0":0},"f":{},"b":{}}
,"D:\\Project\\Tsuna\\tsuna-app-frontend\\.expo\\metro\\externals\\events\\index.js": {"path":"D:\\Project\\Tsuna\\tsuna-app-frontend\\.expo\\metro\\externals\\events\\index.js","statementMap":{"0":{"start":{"line":1,"column":0},"end":{"line":1,"column":51}}},"fnMap":{},"branchMap":{},"s":{"0":0},"f":{},"b":{}}
,"D:\\Project\\Tsuna\\tsuna-app-frontend\\.expo\\metro\\externals\\fs\\index.js": {"path":"D:\\Project\\Tsuna\\tsuna-app-frontend\\.expo\\metro\\externals\\fs\\index.js","statementMap":{"0":{"start":{"line":1,"column":0},"end":{"line":1,"column":47}}},"fnMap":{},"branchMap":{},"s":{"0":0},"f":{},"b":{}}
,"D:\\Project\\Tsuna\\tsuna-app-frontend\\.expo\\metro\\externals\\fs\\promises\\index.js": {"path":"D:\\Project\\Tsuna\\tsuna-app-frontend\\.expo\\metro\\externals\\fs\\promises\\index.js","statementMap":{"0":{"start":{"line":1,"column":0},"end":{"line":1,"column":56}}},"fnMap":{},"branchMap":{},"s":{"0":0},"f":{},"b":{}}
,"D:\\Project\\Tsuna\\tsuna-app-frontend\\.expo\\metro\\externals\\http\\index.js": {"path":"D:\\Project\\Tsuna\\tsuna-app-frontend\\.expo\\metro\\externals\\http\\index.js","statementMap":{"0":{"start":{"line":1,"column":0},"end":{"line":1,"column":49}}},"fnMap":{},"branchMap":{},"s":{"0":0},"f":{},"b":{}}
,"D:\\Project\\Tsuna\\tsuna-app-frontend\\.expo\\metro\\externals\\http2\\index.js": {"path":"D:\\Project\\Tsuna\\tsuna-app-frontend\\.expo\\metro\\externals\\http2\\index.js","statementMap":{"0":{"start":{"line":1,"column":0},"end":{"line":1,"column":50}}},"fnMap":{},"branchMap":{},"s":{"0":0},"f":{},"b":{}}
,"D:\\Project\\Tsuna\\tsuna-app-frontend\\.expo\\metro\\externals\\https\\index.js": {"path":"D:\\Project\\Tsuna\\tsuna-app-frontend\\.expo\\metro\\externals\\https\\index.js","statementMap":{"0":{"start":{"line":1,"column":0},"end":{"line":1,"column":50}}},"fnMap":{},"branchMap":{},"s":{"0":0},"f":{},"b":{}}
,"D:\\Project\\Tsuna\\tsuna-app-frontend\\.expo\\metro\\externals\\inspector\\index.js": {"path":"D:\\Project\\Tsuna\\tsuna-app-frontend\\.expo\\metro\\externals\\inspector\\index.js","statementMap":{"0":{"start":{"line":1,"column":0},"end":{"line":1,"column":54}}},"fnMap":{},"branchMap":{},"s":{"0":0},"f":{},"b":{}}
,"D:\\Project\\Tsuna\\tsuna-app-frontend\\.expo\\metro\\externals\\module\\index.js": {"path":"D:\\Project\\Tsuna\\tsuna-app-frontend\\.expo\\metro\\externals\\module\\index.js","statementMap":{"0":{"start":{"line":1,"column":0},"end":{"line":1,"column":51}}},"fnMap":{},"branchMap":{},"s":{"0":0},"f":{},"b":{}}
,"D:\\Project\\Tsuna\\tsuna-app-frontend\\.expo\\metro\\externals\\net\\index.js": {"path":"D:\\Project\\Tsuna\\tsuna-app-frontend\\.expo\\metro\\externals\\net\\index.js","statementMap":{"0":{"start":{"line":1,"column":0},"end":{"line":1,"column":48}}},"fnMap":{},"branchMap":{},"s":{"0":0},"f":{},"b":{}}
,"D:\\Project\\Tsuna\\tsuna-app-frontend\\.expo\\metro\\externals\\os\\index.js": {"path":"D:\\Project\\Tsuna\\tsuna-app-frontend\\.expo\\metro\\externals\\os\\index.js","statementMap":{"0":{"start":{"line":1,"column":0},"end":{"line":1,"column":47}}},"fnMap":{},"branchMap":{},"s":{"0":0},"f":{},"b":{}}
,"D:\\Project\\Tsuna\\tsuna-app-frontend\\.expo\\metro\\externals\\path\\index.js": {"path":"D:\\Project\\Tsuna\\tsuna-app-frontend\\.expo\\metro\\externals\\path\\index.js","statementMap":{"0":{"start":{"line":1,"column":0},"end":{"line":1,"column":49}}},"fnMap":{},"branchMap":{},"s":{"0":0},"f":{},"b":{}}
,"D:\\Project\\Tsuna\\tsuna-app-frontend\\.expo\\metro\\externals\\perf_hooks\\index.js": {"path":"D:\\Project\\Tsuna\\tsuna-app-frontend\\.expo\\metro\\externals\\perf_hooks\\index.js","statementMap":{"0":{"start":{"line":1,"column":0},"end":{"line":1,"column":55}}},"fnMap":{},"branchMap":{},"s":{"0":0},"f":{},"b":{}}
,"D:\\Project\\Tsuna\\tsuna-app-frontend\\.expo\\metro\\externals\\process\\index.js": {"path":"D:\\Project\\Tsuna\\tsuna-app-frontend\\.expo\\metro\\externals\\process\\index.js","statementMap":{"0":{"start":{"line":1,"column":0},"end":{"line":1,"column":52}}},"fnMap":{},"branchMap":{},"s":{"0":0},"f":{},"b":{}}
,"D:\\Project\\Tsuna\\tsuna-app-frontend\\.expo\\metro\\externals\\punycode\\index.js": {"path":"D:\\Project\\Tsuna\\tsuna-app-frontend\\.expo\\metro\\externals\\punycode\\index.js","statementMap":{"0":{"start":{"line":1,"column":0},"end":{"line":1,"column":53}}},"fnMap":{},"branchMap":{},"s":{"0":0},"f":{},"b":{}}
,"D:\\Project\\Tsuna\\tsuna-app-frontend\\.expo\\metro\\externals\\querystring\\index.js": {"path":"D:\\Project\\Tsuna\\tsuna-app-frontend\\.expo\\metro\\externals\\querystring\\index.js","statementMap":{"0":{"start":{"line":1,"column":0},"end":{"line":1,"column":56}}},"fnMap":{},"branchMap":{},"s":{"0":0},"f":{},"b":{}}
,"D:\\Project\\Tsuna\\tsuna-app-frontend\\.expo\\metro\\externals\\readline\\index.js": {"path":"D:\\Project\\Tsuna\\tsuna-app-frontend\\.expo\\metro\\externals\\readline\\index.js","statementMap":{"0":{"start":{"line":1,"column":0},"end":{"line":1,"column":53}}},"fnMap":{},"branchMap":{},"s":{"0":0},"f":{},"b":{}}
,"D:\\Project\\Tsuna\\tsuna-app-frontend\\.expo\\metro\\externals\\repl\\index.js": {"path":"D:\\Project\\Tsuna\\tsuna-app-frontend\\.expo\\metro\\externals\\repl\\index.js","statementMap":{"0":{"start":{"line":1,"column":0},"end":{"line":1,"column":49}}},"fnMap":{},"branchMap":{},"s":{"0":0},"f":{},"b":{}}
,"D:\\Project\\Tsuna\\tsuna-app-frontend\\.expo\\metro\\externals\\stream\\index.js": {"path":"D:\\Project\\Tsuna\\tsuna-app-frontend\\.expo\\metro\\externals\\stream\\index.js","statementMap":{"0":{"start":{"line":1,"column":0},"end":{"line":1,"column":51}}},"fnMap":{},"branchMap":{},"s":{"0":0},"f":{},"b":{}}
,"D:\\Project\\Tsuna\\tsuna-app-frontend\\.expo\\metro\\externals\\string_decoder\\index.js": {"path":"D:\\Project\\Tsuna\\tsuna-app-frontend\\.expo\\metro\\externals\\string_decoder\\index.js","statementMap":{"0":{"start":{"line":1,"column":0},"end":{"line":1,"column":59}}},"fnMap":{},"branchMap":{},"s":{"0":0},"f":{},"b":{}}
,"D:\\Project\\Tsuna\\tsuna-app-frontend\\.expo\\metro\\externals\\timers\\index.js": {"path":"D:\\Project\\Tsuna\\tsuna-app-frontend\\.expo\\metro\\externals\\timers\\index.js","statementMap":{"0":{"start":{"line":1,"column":0},"end":{"line":1,"column":51}}},"fnMap":{},"branchMap":{},"s":{"0":0},"f":{},"b":{}}
,"D:\\Project\\Tsuna\\tsuna-app-frontend\\.expo\\metro\\externals\\tls\\index.js": {"path":"D:\\Project\\Tsuna\\tsuna-app-frontend\\.expo\\metro\\externals\\tls\\index.js","statementMap":{"0":{"start":{"line":1,"column":0},"end":{"line":1,"column":48}}},"fnMap":{},"branchMap":{},"s":{"0":0},"f":{},"b":{}}
,"D:\\Project\\Tsuna\\tsuna-app-frontend\\.expo\\metro\\externals\\trace_events\\index.js": {"path":"D:\\Project\\Tsuna\\tsuna-app-frontend\\.expo\\metro\\externals\\trace_events\\index.js","statementMap":{"0":{"start":{"line":1,"column":0},"end":{"line":1,"column":57}}},"fnMap":{},"branchMap":{},"s":{"0":0},"f":{},"b":{}}
,"D:\\Project\\Tsuna\\tsuna-app-frontend\\.expo\\metro\\externals\\tty\\index.js": {"path":"D:\\Project\\Tsuna\\tsuna-app-frontend\\.expo\\metro\\externals\\tty\\index.js","statementMap":{"0":{"start":{"line":1,"column":0},"end":{"line":1,"column":48}}},"fnMap":{},"branchMap":{},"s":{"0":0},"f":{},"b":{}}
,"D:\\Project\\Tsuna\\tsuna-app-frontend\\.expo\\metro\\externals\\url\\index.js": {"path":"D:\\Project\\Tsuna\\tsuna-app-frontend\\.expo\\metro\\externals\\url\\index.js","statementMap":{"0":{"start":{"line":1,"column":0},"end":{"line":1,"column":48}}},"fnMap":{},"branchMap":{},"s":{"0":0},"f":{},"b":{}}
,"D:\\Project\\Tsuna\\tsuna-app-frontend\\.expo\\metro\\externals\\util\\index.js": {"path":"D:\\Project\\Tsuna\\tsuna-app-frontend\\.expo\\metro\\externals\\util\\index.js","statementMap":{"0":{"start":{"line":1,"column":0},"end":{"line":1,"column":49}}},"fnMap":{},"branchMap":{},"s":{"0":0},"f":{},"b":{}}
,"D:\\Project\\Tsuna\\tsuna-app-frontend\\.expo\\metro\\externals\\v8\\index.js": {"path":"D:\\Project\\Tsuna\\tsuna-app-frontend\\.expo\\metro\\externals\\v8\\index.js","statementMap":{"0":{"start":{"line":1,"column":0},"end":{"line":1,"column":47}}},"fnMap":{},"branchMap":{},"s":{"0":0},"f":{},"b":{}}
,"D:\\Project\\Tsuna\\tsuna-app-frontend\\.expo\\metro\\externals\\vm\\index.js": {"path":"D:\\Project\\Tsuna\\tsuna-app-frontend\\.expo\\metro\\externals\\vm\\index.js","statementMap":{"0":{"start":{"line":1,"column":0},"end":{"line":1,"column":47}}},"fnMap":{},"branchMap":{},"s":{"0":0},"f":{},"b":{}}
,"D:\\Project\\Tsuna\\tsuna-app-frontend\\.expo\\metro\\externals\\wasi\\index.js": {"path":"D:\\Project\\Tsuna\\tsuna-app-frontend\\.expo\\metro\\externals\\wasi\\index.js","statementMap":{"0":{"start":{"line":1,"column":0},"end":{"line":1,"column":49}}},"fnMap":{},"branchMap":{},"s":{"0":0},"f":{},"b":{}}
,"D:\\Project\\Tsuna\\tsuna-app-frontend\\.expo\\metro\\externals\\worker_threads\\index.js": {"path":"D:\\Project\\Tsuna\\tsuna-app-frontend\\.expo\\metro\\externals\\worker_threads\\index.js","statementMap":{"0":{"start":{"line":1,"column":0},"end":{"line":1,"column":59}}},"fnMap":{},"branchMap":{},"s":{"0":0},"f":{},"b":{}}
,"D:\\Project\\Tsuna\\tsuna-app-frontend\\.expo\\metro\\externals\\zlib\\index.js": {"path":"D:\\Project\\Tsuna\\tsuna-app-frontend\\.expo\\metro\\externals\\zlib\\index.js","statementMap":{"0":{"start":{"line":1,"column":0},"end":{"line":1,"column":49}}},"fnMap":{},"branchMap":{},"s":{"0":0},"f":{},"b":{}}
,"D:\\Project\\Tsuna\\tsuna-app-frontend\\components\\index.js": {"path":"D:\\Project\\Tsuna\\tsuna-app-frontend\\components\\index.js","statementMap":{},"fnMap":{},"branchMap":{},"s":{},"f":{},"b":{}}
,"D:\\Project\\Tsuna\\tsuna-app-frontend\\components\\common\\card\\card.jsx": {"path":"D:\\Project\\Tsuna\\tsuna-app-frontend\\components\\common\\card\\card.jsx","statementMap":{},"fnMap":{},"branchMap":{},"s":{},"f":{},"b":{},"inputSourceMap":null}
,"D:\\Project\\Tsuna\\tsuna-app-frontend\\components\\common\\header\\header.jsx": {"path":"D:\\Project\\Tsuna\\tsuna-app-frontend\\components\\common\\header\\header.jsx","statementMap":{},"fnMap":{},"branchMap":{},"s":{},"f":{},"b":{},"inputSourceMap":null}
,"D:\\Project\\Tsuna\\tsuna-app-frontend\\constants\\index.js": {"path":"D:\\Project\\Tsuna\\tsuna-app-frontend\\constants\\index.js","statementMap":{},"fnMap":{},"branchMap":{},"s":{},"f":{},"b":{}}
,"D:\\Project\\Tsuna\\tsuna-app-frontend\\styles\\login.style.js": {"path":"D:\\Project\\Tsuna\\tsuna-app-frontend\\styles\\login.style.js","statementMap":{"0":{"start":{"line":3,"column":15},"end":{"line":84,"column":1}}},"fnMap":{},"branchMap":{},"s":{"0":0},"f":{},"b":{}}
,"D:\\Project\\Tsuna\\tsuna-app-frontend\\styles\\regist.style.js": {"path":"D:\\Project\\Tsuna\\tsuna-app-frontend\\styles\\regist.style.js","statementMap":{"0":{"start":{"line":3,"column":15},"end":{"line":85,"column":1}}},"fnMap":{},"branchMap":{},"s":{"0":0},"f":{},"b":{}}
,"D:\\Project\\Tsuna\\tsuna-app-frontend\\utils\\index.js": {"path":"D:\\Project\\Tsuna\\tsuna-app-frontend\\utils\\index.js","statementMap":{"0":{"start":{"line":1,"column":14},"end":{"line":3,"column":1}},"1":{"start":{"line":2,"column":2},"end":{"line":2,"column":14}}},"fnMap":{"0":{"name":"(anonymous_0)","decl":{"start":{"line":1,"column":14},"end":{"line":1,"column":15}},"loc":{"start":{"line":1,"column":20},"end":{"line":3,"column":1}},"line":1}},"branchMap":{},"s":{"0":0,"1":0},"f":{"0":0},"b":{}}
}
